<?xml version="1.0" encoding="UTF-8"?>
<testng-results ignored="0" total="1" passed="0" failed="1" skipped="0">
  <reporter-output>
  </reporter-output>
  <suite started-at="2019-12-18T07:50:11Z" name="Default suite" finished-at="2019-12-18T07:52:48Z" duration-ms="157137">
    <groups>
    </groups>
    <test started-at="2019-12-18T07:50:11Z" name="Default test" finished-at="2019-12-18T07:52:48Z" duration-ms="157137">
      <class name="com.amazon.testCases.TC_iPhoneXR_001">
        <test-method is-config="true" signature="setup()[pri:0, instance:com.amazon.testCases.TC_iPhoneXR_001@2b4bac49]" started-at="2019-12-18T07:50:11Z" name="setup" finished-at="2019-12-18T07:51:38Z" duration-ms="87082" status="PASS">
          <reporter-output>
          </reporter-output>
        </test-method> <!-- setup -->
        <test-method signature="amazonTest()[pri:0, instance:com.amazon.testCases.TC_iPhoneXR_001@2b4bac49]" started-at="2019-12-18T07:51:38Z" name="amazonTest" finished-at="2019-12-18T07:52:46Z" duration-ms="68282" status="FAIL">
          <exception class="java.lang.NullPointerException">
            <full-stacktrace>
              <![CDATA[java.lang.NullPointerException
at com.amazon.pageObjects.Amazon_iPhone.<init>(Amazon_iPhone.java:11)
at com.amazon.testCases.TC_iPhoneXR_001.amazonTest(TC_iPhoneXR_001.java:14)
at java.base/jdk.internal.reflect.NativeMethodAccessorImpl.invoke0(Native Method)
at java.base/jdk.internal.reflect.NativeMethodAccessorImpl.invoke(Unknown Source)
at java.base/jdk.internal.reflect.DelegatingMethodAccessorImpl.invoke(Unknown Source)
at java.base/java.lang.reflect.Method.invoke(Unknown Source)
at org.testng.internal.MethodInvocationHelper.invokeMethod(MethodInvocationHelper.java:124)
at org.testng.internal.Invoker.invokeMethod(Invoker.java:583)
at org.testng.internal.Invoker.invokeTestMethod(Invoker.java:719)
at org.testng.internal.Invoker.invokeTestMethods(Invoker.java:989)
at org.testng.internal.TestMethodWorker.invokeTestMethods(TestMethodWorker.java:125)
at org.testng.internal.TestMethodWorker.run(TestMethodWorker.java:109)
at org.testng.TestRunner.privateRun(TestRunner.java:648)
at org.testng.TestRunner.run(TestRunner.java:505)
at org.testng.SuiteRunner.runTest(SuiteRunner.java:455)
at org.testng.SuiteRunner.runSequentially(SuiteRunner.java:450)
at org.testng.SuiteRunner.privateRun(SuiteRunner.java:415)
at org.testng.SuiteRunner.run(SuiteRunner.java:364)
at org.testng.SuiteRunnerWorker.runSuite(SuiteRunnerWorker.java:52)
at org.testng.SuiteRunnerWorker.run(SuiteRunnerWorker.java:84)
at org.testng.TestNG.runSuitesSequentially(TestNG.java:1208)
at org.testng.TestNG.runSuitesLocally(TestNG.java:1137)
at org.testng.TestNG.runSuites(TestNG.java:1049)
at org.testng.TestNG.run(TestNG.java:1017)
at org.testng.remote.AbstractRemoteTestNG.run(AbstractRemoteTestNG.java:132)
at org.testng.remote.RemoteTestNG.initAndRun(RemoteTestNG.java:236)
at org.testng.remote.RemoteTestNG.main(RemoteTestNG.java:81)
]]>
            </full-stacktrace>
          </exception> <!-- java.lang.NullPointerException -->
          <reporter-output>
          </reporter-output>
        </test-method> <!-- amazonTest -->
        <test-method is-config="true" signature="tearDown()[pri:0, instance:com.amazon.testCases.TC_iPhoneXR_001@2b4bac49]" started-at="2019-12-18T07:52:46Z" name="tearDown" finished-at="2019-12-18T07:52:48Z" duration-ms="1347" status="PASS">
          <reporter-output>
          </reporter-output>
        </test-method> <!-- tearDown -->
      </class> <!-- com.amazon.testCases.TC_iPhoneXR_001 -->
    </test> <!-- Default test -->
  </suite> <!-- Default suite -->
</testng-results>
